Dec-04 15:50:53.404 [main] DEBUG nextflow.cli.Launcher - $> nextflow run allcaps.nf
Dec-04 15:50:53.455 [main] DEBUG nextflow.cli.CmdRun - N E X T F L O W  ~  version 24.10.2
Dec-04 15:50:53.468 [main] DEBUG nextflow.plugin.PluginsFacade - Setting up plugin manager > mode=prod; embedded=false; plugins-dir=/Users/jisoo.kim/.nextflow/plugins; core-plugins: nf-amazon@2.9.2,nf-azure@1.10.2,nf-cloudcache@0.4.2,nf-codecommit@0.2.2,nf-console@1.1.4,nf-google@1.15.2,nf-tower@1.9.3,nf-wave@1.7.4
Dec-04 15:50:53.484 [main] INFO  o.pf4j.DefaultPluginStatusProvider - Enabled plugins: []
Dec-04 15:50:53.484 [main] INFO  o.pf4j.DefaultPluginStatusProvider - Disabled plugins: []
Dec-04 15:50:53.486 [main] INFO  org.pf4j.DefaultPluginManager - PF4J version 3.12.0 in 'deployment' mode
Dec-04 15:50:53.493 [main] INFO  org.pf4j.AbstractPluginManager - No plugins
Dec-04 15:50:53.505 [main] DEBUG nextflow.config.ConfigBuilder - Found config local: /Users/jisoo.kim/Desktop/CS131/A15_nextflow/nextflow.config
Dec-04 15:50:53.507 [main] DEBUG nextflow.config.ConfigBuilder - Parsing config file: /Users/jisoo.kim/Desktop/CS131/A15_nextflow/nextflow.config
Dec-04 15:50:53.522 [main] DEBUG n.secret.LocalSecretsProvider - Secrets store: /Users/jisoo.kim/.nextflow/secrets/store.json
Dec-04 15:50:53.524 [main] DEBUG nextflow.secret.SecretsLoader - Discovered secrets providers: [nextflow.secret.LocalSecretsProvider@1a78dacd] - activable => nextflow.secret.LocalSecretsProvider@1a78dacd
Dec-04 15:50:53.527 [main] DEBUG nextflow.config.ConfigBuilder - Applying config profile: `standard`
Dec-04 15:50:53.742 [main] DEBUG nextflow.cli.CmdRun - Applied DSL=2 by global default
Dec-04 15:50:53.751 [main] DEBUG nextflow.cli.CmdRun - Launching `allcaps.nf` [marvelous_colden] DSL2 - revision: 765d03b855
Dec-04 15:50:53.752 [main] DEBUG nextflow.plugin.PluginsFacade - Plugins default=[]
Dec-04 15:50:53.752 [main] DEBUG nextflow.plugin.PluginsFacade - Plugins resolved requirement=[]
Dec-04 15:50:53.791 [main] DEBUG nextflow.Session - Session UUID: 14b241cf-3666-49d9-bd8e-23be695c0074
Dec-04 15:50:53.791 [main] DEBUG nextflow.Session - Run name: marvelous_colden
Dec-04 15:50:53.792 [main] DEBUG nextflow.Session - Executor pool size: 8
Dec-04 15:50:53.796 [main] DEBUG nextflow.file.FilePorter - File porter settings maxRetries=3; maxTransfers=50; pollTimeout=null
Dec-04 15:50:53.799 [main] DEBUG nextflow.util.ThreadPoolBuilder - Creating thread pool 'FileTransfer' minSize=10; maxSize=24; workQueue=LinkedBlockingQueue[10000]; allowCoreThreadTimeout=false
Dec-04 15:50:53.826 [main] DEBUG nextflow.cli.CmdRun - 
  Version: 24.10.2 build 5932
  Created: 27-11-2024 21:23 UTC (13:23 PDT)
  System: Mac OS X 15.1.1
  Runtime: Groovy 4.0.23 on Java HotSpot(TM) 64-Bit Server VM 17.0.2+8-LTS-86
  Encoding: UTF-8 (UTF-8)
  Process: 9551@MacBookPro.hsd1.ca.comcast.net [10.1.10.74]
  CPUs: 8 - Mem: 8 GB (84.3 MB) - Swap: 2 GB (1.2 GB)
Dec-04 15:50:53.834 [main] DEBUG nextflow.Session - Work-dir: /Users/jisoo.kim/Desktop/CS131/A15_nextflow/work [Mac OS X]
Dec-04 15:50:53.835 [main] DEBUG nextflow.Session - Script base path does not exist or is not a directory: /Users/jisoo.kim/Desktop/CS131/A15_nextflow/bin
Dec-04 15:50:53.841 [main] DEBUG nextflow.executor.ExecutorFactory - Extension executors providers=[]
Dec-04 15:50:53.846 [main] DEBUG nextflow.Session - Observer factory: DefaultObserverFactory
Dec-04 15:50:53.857 [main] DEBUG nextflow.cache.CacheFactory - Using Nextflow cache factory: nextflow.cache.DefaultCacheFactory
Dec-04 15:50:53.862 [main] DEBUG nextflow.util.CustomThreadPool - Creating default thread pool > poolSize: 9; maxThreads: 1000
Dec-04 15:50:53.892 [main] DEBUG nextflow.Session - Session start
Dec-04 15:50:53.970 [main] DEBUG nextflow.script.ScriptRunner - > Launching execution
Dec-04 15:50:54.020 [main] DEBUG nextflow.executor.ExecutorFactory - << taskConfig executor: null
Dec-04 15:50:54.020 [main] DEBUG nextflow.executor.ExecutorFactory - >> processorType: 'local'
Dec-04 15:50:54.022 [main] DEBUG nextflow.executor.Executor - [warm up] executor > local
Dec-04 15:50:54.026 [main] DEBUG n.processor.LocalPollingMonitor - Creating local task monitor for executor 'local' > cpus=8; memory=8 GB; capacity=8; pollInterval=100ms; dumpInterval=5m
Dec-04 15:50:54.027 [main] DEBUG n.processor.TaskPollingMonitor - >>> barrier register (monitor: local)
Dec-04 15:50:54.081 [main] DEBUG nextflow.Session - Workflow process names [dsl2]: convertToCaps
Dec-04 15:50:54.082 [main] DEBUG nextflow.Session - Igniting dataflow network (1)
Dec-04 15:50:54.082 [main] DEBUG nextflow.processor.TaskProcessor - Starting process > convertToCaps
Dec-04 15:50:54.082 [main] DEBUG nextflow.script.ScriptRunner - Parsed script files:
  Script_41653e474db1136e: /Users/jisoo.kim/Desktop/CS131/A15_nextflow/allcaps.nf
Dec-04 15:50:54.082 [main] DEBUG nextflow.script.ScriptRunner - > Awaiting termination 
Dec-04 15:50:54.082 [main] DEBUG nextflow.Session - Session await
Dec-04 15:50:54.151 [Task submitter] DEBUG n.executor.local.LocalTaskHandler - Launch cmd line: /bin/bash -ue .command.run
Dec-04 15:50:54.153 [Task submitter] INFO  nextflow.Session - [05/383479] Submitted process > convertToCaps
Dec-04 15:50:54.177 [Task monitor] DEBUG n.processor.TaskPollingMonitor - Task completed > TaskHandler[id: 1; name: convertToCaps; status: COMPLETED; exit: 0; error: -; workDir: /Users/jisoo.kim/Desktop/CS131/A15_nextflow/work/05/383479774e1c4390c6916b67f92c20]
Dec-04 15:50:54.178 [Task monitor] DEBUG nextflow.util.ThreadPoolBuilder - Creating thread pool 'TaskFinalizer' minSize=10; maxSize=24; workQueue=LinkedBlockingQueue[10000]; allowCoreThreadTimeout=false
Dec-04 15:50:54.188 [main] DEBUG nextflow.Session - Session await > all processes finished
Dec-04 15:50:54.279 [Task monitor] DEBUG n.processor.TaskPollingMonitor - <<< barrier arrives (monitor: local) - terminating tasks monitor poll loop
Dec-04 15:50:54.279 [main] DEBUG nextflow.Session - Session await > all barriers passed
Dec-04 15:50:54.281 [main] DEBUG nextflow.util.ThreadPoolManager - Thread pool 'TaskFinalizer' shutdown completed (hard=false)
Dec-04 15:50:54.284 [main] DEBUG n.trace.WorkflowStatsObserver - Workflow completed > WorkflowStats[succeededCount=1; failedCount=0; ignoredCount=0; cachedCount=0; pendingCount=0; submittedCount=0; runningCount=0; retriesCount=0; abortedCount=0; succeedDuration=1ms; failedDuration=0ms; cachedDuration=0ms;loadCpus=0; loadMemory=0; peakRunning=1; peakCpus=1; peakMemory=0; ]
Dec-04 15:50:54.360 [main] DEBUG nextflow.cache.CacheDB - Closing CacheDB done
Dec-04 15:50:54.371 [main] DEBUG nextflow.util.ThreadPoolManager - Thread pool 'FileTransfer' shutdown completed (hard=false)
Dec-04 15:50:54.371 [main] DEBUG nextflow.script.ScriptRunner - > Execution complete -- Goodbye
